<?xml version="1.0" encoding="UTF-8"?>
<!-- Generated by org.testng.reporters.JUnitReportReporter -->
<testsuite skipped="0" hostname="LP-X220" name="TestNG.GoogleTest" tests="2" failures="0" timestamp="04 Oct 2020 19:39:26 GMT" time="22.932" errors="0">
  <testcase name="testGoogleTitle" time="7.956" classname="TestNG.GoogleTest"/>
  <testcase name="testGoogleSearch" time="14.976" classname="TestNG.GoogleTest"/>
</testsuite> <!-- TestNG.GoogleTest -->
