<?xml version="1.0" encoding="UTF-8"?>
<!-- Generated by org.testng.reporters.JUnitReportReporter -->
<testsuite hostname="Sharons-MacBook-Air.local" failures="0" tests="4" name="TestNG.GoogleTest" time="55.040" errors="0" timestamp="03 Nov 2021 15:23:08 GMT" skipped="0">
  <testcase classname="TestNG.GoogleTest" name="testGoogleTitle" time="4.026"/>
  <testcase classname="TestNG.GoogleTest" name="testGoogleSearch" time="16.253"/>
  <testcase classname="TestNG.GoogleTest" name="testGoogleSearch" time="16.732"/>
  <testcase classname="TestNG.GoogleTest" name="testGoogleSearch" time="18.029"/>
</testsuite> <!-- TestNG.GoogleTest -->
