<?xml version="1.0" encoding="UTF-8"?>
<!-- Generated by org.testng.reporters.JUnitReportReporter -->
<testsuite hostname="Sharons-MacBook-Air.local" failures="0" tests="1" name="TestNG.NewTest" time="4.208" errors="0" timestamp="03 Nov 2021 16:57:21 GMT" skipped="0">
  <testcase classname="TestNG.NewTest" name="Test2" time="4.208"/>
</testsuite> <!-- TestNG.NewTest -->
